<?xml version="1.0" encoding="UTF-8"?>
<!-- Generated by org.testng.reporters.JUnitReportReporter -->
<testsuite hostname="DESKTOP-9GC0URE" failures="0" tests="1" name="TestNG.Rporter" time="0.014" errors="0" timestamp="2022-08-17T17:22:49 IST" skipped="0">
  <testcase classname="TestNG.Rporter" name="TC" time="0.014"/>
  <system-out>
    <![CDATA[Hi]]>
  </system-out>
</testsuite> <!-- TestNG.Rporter -->
